<?xml version="1.0" encoding="UTF-8"?>
<testng-results ignored="0" total="1" passed="0" failed="1" skipped="0">
  <reporter-output>
    <line>
      <![CDATA[esta es la1pasada []]]>
    </line>
    <line>
      <![CDATA[esta es la2pasada [Automation
Videojuego, Automation Anywhere, automation studio, automation meaning, automation testing, Automation Empire
Videojuego, automation traductor, automationpractice, Automation - The Car Company Tycoon Game
Videojuego, Automation Systems SA
Servicio de seguridad privada · San Martín, Provincia de Buenos Aires]]]>
    </line>
  </reporter-output>
  <suite started-at="2023-10-05T18:44:44 ART" name="Surefire suite" finished-at="2023-10-05T18:44:50 ART" duration-ms="5430">
    <groups>
    </groups>
    <test started-at="2023-10-05T18:44:44 ART" name="Surefire test" finished-at="2023-10-05T18:44:50 ART" duration-ms="5430">
      <class name="Tests.Tests">
        <test-method is-config="true" signature="beforeTest()[pri:0, instance:Tests.Tests@4ac3c60d]" started-at="2023-10-05T18:44:44 ART" name="beforeTest" finished-at="2023-10-05T18:44:47 ART" duration-ms="2905" status="PASS">
          <reporter-output>
          </reporter-output>
        </test-method> <!-- beforeTest -->
        <test-method signature="f()[pri:0, instance:Tests.Tests@4ac3c60d]" started-at="2023-10-05T18:44:47 ART" name="f" finished-at="2023-10-05T18:44:49 ART" duration-ms="2405" status="FAIL">
          <exception class="java.lang.AssertionError">
            <message>
              <![CDATA[0auto list tiene automationlist tiene10: lists don't have the same size expected [10] but found [0]]]>
            </message>
            <full-stacktrace>
              <![CDATA[java.lang.AssertionError: 0auto list tiene automationlist tiene10: lists don't have the same size expected [10] but found [0]
at org.testng.Assert.fail(Assert.java:111)
at org.testng.Assert.failNotEquals(Assert.java:1578)
at org.testng.Assert.assertEqualsImpl(Assert.java:150)
at org.testng.Assert.assertEquals(Assert.java:132)
at org.testng.Assert.assertEquals(Assert.java:1419)
at org.testng.Assert.assertEquals(Assert.java:1383)
at org.testng.Assert.assertEquals(Assert.java:1630)
at Tests.Tests.f(Tests.java:55)
at java.base/jdk.internal.reflect.DirectMethodHandleAccessor.invoke(DirectMethodHandleAccessor.java:103)
at java.base/java.lang.reflect.Method.invoke(Method.java:580)
at org.testng.internal.invokers.MethodInvocationHelper.invokeMethod(MethodInvocationHelper.java:139)
at org.testng.internal.invokers.TestInvoker.invokeMethod(TestInvoker.java:664)
at org.testng.internal.invokers.TestInvoker.invokeTestMethod(TestInvoker.java:227)
at org.testng.internal.invokers.MethodRunner.runInSequence(MethodRunner.java:50)
at org.testng.internal.invokers.TestInvoker$MethodInvocationAgent.invoke(TestInvoker.java:957)
at org.testng.internal.invokers.TestInvoker.invokeTestMethods(TestInvoker.java:200)
at org.testng.internal.invokers.TestMethodWorker.invokeTestMethods(TestMethodWorker.java:148)
at org.testng.internal.invokers.TestMethodWorker.run(TestMethodWorker.java:128)
at java.base/java.util.ArrayList.forEach(ArrayList.java:1596)
at org.testng.TestRunner.privateRun(TestRunner.java:848)
at org.testng.TestRunner.run(TestRunner.java:621)
at org.testng.SuiteRunner.runTest(SuiteRunner.java:443)
at org.testng.SuiteRunner.runSequentially(SuiteRunner.java:437)
at org.testng.SuiteRunner.privateRun(SuiteRunner.java:397)
at org.testng.SuiteRunner.run(SuiteRunner.java:336)
at org.testng.SuiteRunnerWorker.runSuite(SuiteRunnerWorker.java:52)
at org.testng.SuiteRunnerWorker.run(SuiteRunnerWorker.java:95)
at org.testng.TestNG.runSuitesSequentially(TestNG.java:1280)
at org.testng.TestNG.runSuitesLocally(TestNG.java:1200)
at org.testng.TestNG.runSuites(TestNG.java:1114)
at org.testng.TestNG.run(TestNG.java:1082)
at org.apache.maven.surefire.testng.TestNGExecutor.run(TestNGExecutor.java:155)
at org.apache.maven.surefire.testng.TestNGDirectoryTestSuite.executeSingleClass(TestNGDirectoryTestSuite.java:102)
at org.apache.maven.surefire.testng.TestNGDirectoryTestSuite.execute(TestNGDirectoryTestSuite.java:91)
at org.apache.maven.surefire.testng.TestNGProvider.invoke(TestNGProvider.java:137)
at org.apache.maven.surefire.booter.ForkedBooter.runSuitesInProcess(ForkedBooter.java:385)
at org.apache.maven.surefire.booter.ForkedBooter.execute(ForkedBooter.java:162)
at org.apache.maven.surefire.booter.ForkedBooter.run(ForkedBooter.java:507)
at org.apache.maven.surefire.booter.ForkedBooter.main(ForkedBooter.java:495)
]]>
            </full-stacktrace>
          </exception> <!-- java.lang.AssertionError -->
          <reporter-output>
            <line>
              <![CDATA[esta es la1pasada []]]>
            </line>
            <line>
              <![CDATA[esta es la2pasada [Automation
Videojuego, Automation Anywhere, automation studio, automation meaning, automation testing, Automation Empire
Videojuego, automation traductor, automationpractice, Automation - The Car Company Tycoon Game
Videojuego, Automation Systems SA
Servicio de seguridad privada · San Martín, Provincia de Buenos Aires]]]>
            </line>
          </reporter-output>
        </test-method> <!-- f -->
        <test-method is-config="true" signature="afterTest()[pri:0, instance:Tests.Tests@4ac3c60d]" started-at="2023-10-05T18:44:49 ART" name="afterTest" finished-at="2023-10-05T18:44:50 ART" duration-ms="95" status="PASS">
          <reporter-output>
          </reporter-output>
        </test-method> <!-- afterTest -->
      </class> <!-- Tests.Tests -->
    </test> <!-- Surefire test -->
  </suite> <!-- Surefire suite -->
</testng-results>
